0 info it worked if it ends with ok
1 verbose cli [ 'C:\\nodejs\\node.exe',
1 verbose cli   'C:\\ProgramData\\chocolatey\\lib\\npm.1.4.9\\tools\\node_modules\\npm\\bin\\npm-cli.js',
1 verbose cli   'search' ]
2 info using npm@1.4.9
3 info using node@v6.7.0
4 verbose url raw /-/all/since?stale=update_after&startkey=434592768000
5 verbose url resolving [ 'https://registry.npmjs.org/',
5 verbose url resolving   './-/all/since?stale=update_after&startkey=434592768000' ]
6 verbose url resolved https://registry.npmjs.org/-/all/since?stale=update_after&startkey=434592768000
7 info trying registry request attempt 1 at 23:44:01
8 http GET https://registry.npmjs.org/-/all/since?stale=update_after&startkey=434592768000
9 http 200 https://registry.npmjs.org/-/all/since?stale=update_after&startkey=434592768000
10 error TypeError: Cannot read property '_updated' of undefined
10 error     at C:\ProgramData\chocolatey\lib\npm.1.4.9\tools\node_modules\npm\node_modules\npm-registry-client\lib\get.js:91:26
10 error     at cb (C:\ProgramData\chocolatey\lib\npm.1.4.9\tools\node_modules\npm\node_modules\npm-registry-client\lib\request.js:32:9)
10 error     at RegClient.<anonymous> (C:\ProgramData\chocolatey\lib\npm.1.4.9\tools\node_modules\npm\node_modules\npm-registry-client\lib\request.js:107:16)
10 error     at cb (C:\ProgramData\chocolatey\lib\npm.1.4.9\tools\node_modules\npm\node_modules\npm-registry-client\lib\request.js:132:9)
10 error     at RegClient.<anonymous> (C:\ProgramData\chocolatey\lib\npm.1.4.9\tools\node_modules\npm\node_modules\npm-registry-client\lib\request.js:304:12)
10 error     at Request._callback (C:\ProgramData\chocolatey\lib\npm.1.4.9\tools\node_modules\npm\node_modules\npm-registry-client\lib\request.js:211:65)
10 error     at Request.self.callback (C:\ProgramData\chocolatey\lib\npm.1.4.9\tools\node_modules\npm\node_modules\request\request.js:123:22)
10 error     at emitTwo (events.js:106:13)
10 error     at Request.emit (events.js:191:7)
10 error     at Request.<anonymous> (C:\ProgramData\chocolatey\lib\npm.1.4.9\tools\node_modules\npm\node_modules\request\request.js:893:14)
11 error If you need help, you may report this *entire* log,
11 error including the npm and node versions, at:
11 error     <http://github.com/npm/npm/issues>
12 error System Windows_NT 10.0.14393
13 error command "C:\\nodejs\\node.exe" "C:\\ProgramData\\chocolatey\\lib\\npm.1.4.9\\tools\\node_modules\\npm\\bin\\npm-cli.js" "search"
14 error cwd C:\Projets\go\src\github.com\gleroi\teampoker
15 error node -v v6.7.0
16 error npm -v 1.4.9
17 verbose exit [ 1, true ]
